d1a32a_		d1x4ta1		0.602643	0.602643	0.633971	2.5002	85	80	64	13D1M4P2M6I1M4I23P1M2I1P2I26P2D3P2D1P4D2I1M
d1s1da_		d1zgka1		0.603005	0.603005	0.654026	3.56933	317	288	237	10D1M2P6D10P2M2P8D1M9P9D1M3P1D1M6P1M6D3P1M15P9I9P2I12P7D18P1M3D1M1D1I1M5D2M2P1D9P2I9P1M15I1M1P10I2P1M11I2M3P1M4D8P2M1D1M1P1D1M1D8P3D1P3D1P2D9P1M1P3D2M8P3M3P1M7P1D1P3D8P1M2P1D11P2M2P1M2P1M3P1I4P1M6P
d1sj8a2		d1t01a2		0.614091	0.622234	0.614091	2.46917	125	127	96	5D26I1M64P1M5I28P1D2M23D
d1skva_		d1st6a6		0.65614	0.722213	0.65614	1.72016	64	72	56	4D6I1M29P1M6I1P3I1P1I23P4D
d1sqra_		d2jdid2		0.628571	0.628571	0.730223	2.06577	87	72	68	3D9P7D10P5D1P1D1M12P1D12P1D1M13P1D2P1I7P3I
d1st6a6		d2axtz1		0.61825	0.61825	0.68375	2.29913	72	62	61	10D29P1M1I1M30P1D
d1st6a6		d2f23a1		0.700721	0.726059	0.700721	2.00547	72	75	62	5D6I1M1I1M28P2D1P2M1D1P1D1P1D27P6I
d1st6a6		d2f6ma_		0.620713	0.620713	0.66533	2.55731	72	65	63	8D1I31P1I2M27P1D2P1M
d1st6a6		d3fava_		0.636707	0.649665	0.636707	2.08075	72	74	62	10D28P1I1P1M7I1M2I31P2I
d1uypa2		d1zgka1		0.609007	0.609007	0.619055	4.4039	294	288	245	1D17I3M11I1M1P2M4P1D9P1D8P1M3P3M14P1M2D1M5P1M5P3D1M1P1M8P2D7P1M4P5D12P2D1M4P2D7P5D1M10P2D9P5M10P1M12P4D10P1D3M6P6M4P2M1P1I1M11P1D1P1M1D1M1D1M5P1M2D1M3P1M1P1M1P8M13D6M9P1M1P1M14I
d1uypa2		d2ghsa1		0.601524	0.603225	0.601524	4.07813	294	295	233	4D10I2M1P1M1P1M3D1M22P8D2M5P1M1P1M8P16I5P21I1M10P4M3D1M8P2M2D1M8P2M8D1M5P1D3P1M5D9P1M2P1D1P1M6P1M2D1M1D1M6P1I9P1I9P1I2P1M9P1M3D8P1D9P1D1P3D2P1D1P1D1M5P1M1P1M1P1M6P3M10P3M4P3M5D3I2M6P1M2P2M8D9I
d1uypa2		d2vpja_		0.603685	0.603685	0.612012	4.48077	294	289	244	1D17I3M1I1M9I2P2M13P1D2P1D1P1M7P3D1M5P1I8P1M1D3M6P1M1P1M1P1M2D2P1M8P2D7P1M4P5D12P2D1M4P2D7P5D1M10P2D9P2M1P1M11P1M12P4D10P1D3M6P6M5P1M1P1M1I1M10P1D3M2D1M5P1M2D1M3P1M1P1M1P8M13D6M9P1M2P16I
d1v04a_		d1y7ba2		0.600468	0.600468	0.617443	4.66504	332	321	265	23D2M1D4M2D1M12P1I9P1M2D2P1M8P1M1I2M8P4M5P5I1M11P1D13P5I11P2M11P2D2P1D7P1M3I2M6P1D1M2P1M3D1M2D2M4D1P1M8P7I2P1I7P1M1P2I9P1M1P1M1I9P4I1M1I1P1M7P2D8P1I3P2I1M1P1M9I9P2I1P1M1P1M1P1M1P5M7I2M1D1I3M1P9M8P2M1P1M3P2I1M2P1M10D8M10D2M2D1I
d1vcsa1		d2odma_		0.600631	0.600631	0.656261	2.6119	89	79	73	1D5I2M1P1I1P1D18P1M2P2D2P1D22P7D1M2D2P2D1M19P1M
d1vf6c_		d1z0jb1		0.65798	0.65798	0.65798	2.11987	51	51	41	1D2I19P3I18P3M1P9D5I
d1vf6c_		d2a26a1		0.626831	0.626831	0.667369	2.25614	51	47	41	1D2I37P3M1P9D4I
d1vkza2		d2jfga1		0.615549	0.661457	0.615549	2.15476	85	93	72	5I30P6I1M6P1M8P2D2P1D2P2I8P1I6P2I2P1I1P3I5P10D1I
d1cxzb_		d1fpoa2		0.613807	0.669446	0.613807	2.18197	86	95	69	19I1P1M2P1D2P1I2P2M1P1M1P4D30P12D26P6I
d1w8oa3		d1y4wa2		0.606374	0.606374	0.610646	4.35905	356	353	281	5D9I1M1P1M1P1M3P5D7P1M2P1M12P1I1P3M1P2D9P5M1P1M1P1M9P1M1I2P1M15P9I12P2M7D5I1M19P1I5P3I5P2M3P1I9P1M1D1M5P1D1P1D1P1D10P3D10P1D14P3I1P3I9P1M5I3M8P1M1P1M1P7I1M3P1M10P1M2I1M1P6I2P2M2P1M1P1I1M5P2M1D1M2P1M5D1P2D10M1I3M10I2M1P1M1I1P1M4P1M3I1M3P2M2P34D1P6D
d1wb1a2		d2jdia2		0.618279	0.618279	0.672871	2.75344	79	71	64	2D2I1M7P3M1I1M7P4D1M2D1M10P1D10P1D2P1D7P1I2P2I11P1M4D1I
d1wb1a2		d2jdid2		0.617489	0.617489	0.663787	2.55802	79	72	64	4D6P1M1D1P2I1M5P3M4D1P1D1M9P1I1P1I12P1D8P1I3P2I11P1M4D1I
d1dpjb_		d1ehkc_		0.653246	0.68827	0.653246	1.23928	29	33	29	1I1P1I28P2I
d1dpjb_		d1eysh2		0.661729	0.778207	0.661729	1.0643	29	37	29	4I29P4I
d1dpjb_		d1jb0m_		0.728717	0.751939	0.728717	1.55928	29	31	29	2I1M27P1M
d1dpjb_		d1jb0x_		0.641198	0.641198	0.641198	1.33793	29	29	27	2P2D24P2I1M
d1dpjb_		d1m56d_		0.611732	0.768956	0.611732	0.712184	29	42	29	9I29P4I
d1dpjb_		d1q90g_		0.645807	0.650817	0.645807	0.881864	29	30	27	2D2I27P1I
d1dpjb_		d1q90l_		0.66589	0.68247	0.66589	0.9562	29	32	29	25P1I4P2I
d1dpjb_		d1q90m_		0.765177	0.850227	0.765177	0.537995	29	34	29	5I29P
d1dpjb_		d1q90n_		0.653263	0.667524	0.653263	0.892652	29	31	27	2I27P2D2I
d1dpjb_		d1q90r_		0.60481	0.7029	0.60481	1.08226	29	39	29	5I27P1I2P4I
d1dpjb_		d1rzhh2		0.72741	0.72741	0.762771	0.561868	29	25	25	3D25P1D
d1dpjb_		d2axti1		0.62169	0.680814	0.62169	1.47589	29	35	28	26P1M1D1I1P6I
d1dpjb_		d2axtt1		0.623415	0.632671	0.623415	1.16437	29	30	24	5D22P1I1P1I1P4I
d1dpjb_		d2e74d2		0.626739	0.66053	0.626739	1.25602	29	34	29	3I2P1I27P1I
d1dpjb_		d2e74e1		0.655924	0.67313	0.655924	1.00033	29	32	29	29P3I
d1dpjb_		d2e74f1		0.665054	0.689287	0.665054	0.9732	29	32	29	1I1P1I28P1I
d1dpjb_		d2i5nh2		0.608203	0.677582	0.608203	1.48285	29	36	27	4I1P1D4I1M19P1I6P1D
d2b4wa1		d2ghsa1		0.601211	0.606255	0.601211	4.05867	292	295	233	2D2I2M1D1M1P2D4P1M4P27I1P10I5P2D1M1D1P1M1D2P1D7P1M1P1M1P2M9D2P2M1P1M1P1M1P1M3D1M1P1M4P1I1M2P6I9P1D10P1M2I1P1M10P2D11P1M2P1M6P1D8P1M1P1D10P3I3P2M2D2P1D5P3M12P1D1P1D4P1D4P4D1P1M8P2D9P1D3P14D1M4P1D6P3M1P1M1P1M1P1M3P1M11I3M6P1M1P4D3P1M6P
d2b4wa1		d2p4oa1		0.605958	0.622711	0.605958	4.2886	292	302	244	1I4M6P1I6P1M1P1M2P1M3D2M10P1M1D8P2M7D10P2D5P1M1D15P1I10P3D11P1I9P2M9P1M1D2M6P1M1P2D6P4M1P1M2P2D2P1D1M6P1I1P1I1P2I1M1I10P1D6P1D1P1M2P1M5D1M1D1M6P5I8P2I2P13I1P1I1P2I2P1M14I3P2M8D2M1P1M5P2M3I4M9P9I1M4P1M1P3M2D1M2D2M4P5D
d2crba1		d2odma_		0.601505	0.601505	0.623165	2.57428	83	79	70	7I22P3M1P1D1P2M15P2I2P1M22P1D1P11D
d2ey4c1		d2fvga1		0.604978	0.604978	0.604978	2.63108	73	73	62	2D1P1D16P2I1M1P1I1P1I9P1D1M1D8P1M1I1M1P4D2P1I6P2M3I3P2I8P2D
d2ey4c1		d2jdia2		0.684038	0.684038	0.699204	2.32202	73	71	65	1D2I1M9P1M1D7P1M12P1M1D11P4D9P1D6P1I7P3I
d2ey4c1		d2jdid2		0.689747	0.689747	0.697181	2.17811	73	72	65	2D1P1D7P1M1D8P1I12P1M2I1M12P3D9P1D7P1I6P3I
d1e5da1		d1kjna_		0.650262	0.650262	0.650262	3.11858	152	152	131	1D1M8P1I30P2I1P17I6P1M2P1M1P1I10P5D3P1D5P1M2P1M2D16P1M2P2M1P2M2P2M2P1D3P2D11P1M13P9D
d1eaqa_		d1nepa_		0.603477	0.626325	0.603477	2.85885	124	130	104	11D3P1M3P2I1M3I2P1I5P1I1P4I9P2D9P1M1I1P1M11P2M2P1M4P1M4P3I1P1M8I5P1D5P1I4P2D11P1I4P1I1M3P1D7P3D
d2h8aa1		d2okua1		0.619937	0.623744	0.619937	2.83537	121	122	104	1I2P2M1P1M2P1M1I15P15D1M4P1D2P1M21P1I3P1I22P1M1I1P6I1P2I12P1D11P5I
